生成启动时间为 2018/1/24 18:28:32。
     1>项目“F:\ry\游戏组件\新李逵捕鱼\李逵劈鱼\游戏服务器\GameServerLKPY.vcxproj”在节点 2 上(Build 个目标)。
     1>ClCompile:
         K:\Program Files (x86)\Microsoft Visual Studio 12.0\VC\bin\CL.exe /c /Zi /nologo /W0 /WX- /Od /Oy- /D WIN32 /D _WINDOWS /D NDEBUG /D _AFXEXT /D _WINDLL /D _UNICODE /D UNICODE /D _AFXDLL /Gm- /EHsc /MD /GS /fp:precise /Zc:wchar_t /Zc:forScope /Yc"stdafx.h" /Fp"xlkpy_server.pch" /Fd"vc120.pdb" /Gd /TP /analyze- /errorReport:prompt stdafx.cpp
         stdafx.cpp
         K:\Program Files (x86)\Microsoft Visual Studio 12.0\VC\bin\CL.exe /c /Zi /nologo /W0 /WX- /Od /Oy- /D WIN32 /D _WINDOWS /D NDEBUG /D _AFXEXT /D _WINDLL /D _UNICODE /D UNICODE /D _AFXDLL /Gm- /EHsc /MD /GS /fp:precise /Zc:wchar_t /Zc:forScope /Yu"stdafx.h" /Fp"xlkpy_server.pch" /Fd"vc120.pdb" /Gd /TP /analyze- /errorReport:prompt AndroidUserItemSink.cpp GameServer.cpp GameServiceManager.cpp TableFrameSink.cpp
         AndroidUserItemSink.cpp
         GameServer.cpp
         GameServiceManager.cpp
         TableFrameSink.cpp
         正在生成代码...
         K:\Program Files (x86)\Microsoft Visual Studio 12.0\VC\bin\CL.exe /c /Zi /nologo /W0 /WX- /Od /Oy- /D WIN32 /D _WINDOWS /D NDEBUG /D _AFXEXT /D _WINDLL /D _UNICODE /D UNICODE /D _AFXDLL /Gm- /EHsc /MD /GS /fp:precise /Zc:wchar_t /Zc:forScope /Fd"vc120.pdb" /Gd /TP /analyze- /errorReport:prompt tinyxml\tinystr.cpp tinyxml\tinyxml.cpp tinyxml\tinyxmlerror.cpp tinyxml\tinyxmlparser.cpp
         tinystr.cpp
         tinyxml.cpp
         tinyxmlerror.cpp
         tinyxmlparser.cpp
         正在生成代码...
       ResourceCompile:
         C:\Program Files (x86)\Windows Kits\8.1\bin\x86\rc.exe /D NDEBUG /D _UNICODE /D UNICODE /D _AFXDLL /l"0x0804" /nologo /fo"GameServer.res" GameServer.rc 
       Link:
         K:\Program Files (x86)\Microsoft Visual Studio 12.0\VC\bin\link.exe /ERRORREPORT:PROMPT /OUT:"../../../../运行/Release_Unicode/GameModule/xlkpy_server.dll" /INCREMENTAL:NO /NOLOGO winmm.lib /DEF:".\GameServer.def" /MANIFEST /MANIFESTUAC:"level='asInvoker' uiAccess='false'" /manifest:embed /manifestinput:"K:\Program Files (x86)\Microsoft Visual Studio 12.0\VC\Include\Manifest\dpiaware.manifest" /DEBUG /PDB:"../../../../运行/Release_Unicode/GameModule/xlkpy_server.pdb" /SUBSYSTEM:WINDOWS /OPT:REF /OPT:ICF /TLBID:1 /DYNAMICBASE /NXCOMPAT /IMPLIB:"Release_Unicode\GameServer.lib" /MACHINE:X86 /SAFESEH /DLL GameServer.res
         AndroidUserItemSink.obj
         GameServer.obj
         GameServiceManager.obj
         stdafx.obj
         TableFrameSink.obj
         tinystr.obj
         tinyxml.obj
         tinyxmlerror.obj
         tinyxmlparser.obj
            正在创建库 Release_Unicode\GameServer.lib 和对象 Release_Unicode\GameServer.exp
     1>GameServer.exp : warning LNK4070: .EXP 中的 /OUT:fish_server.dll 指令与输出文件名“../../../../运行/Release_Unicode/GameModule/xlkpy_server.dll”不同；忽略指令
         GameServerLKPY.vcxproj -> F:\ry\游戏组件\新李逵捕鱼\李逵劈鱼\游戏服务器\../../../../运行/Release_Unicode/GameModule/xlkpy_server.dll
     1>已完成生成项目“F:\ry\游戏组件\新李逵捕鱼\李逵劈鱼\游戏服务器\GameServerLKPY.vcxproj”(Build 个目标)的操作。

生成成功。

已用时间 00:00:06.10
