f:\ry\游戏组件\新李逵捕鱼\李逵劈鱼\游戏服务器\xlkpy_server.pch
f:\ry\游戏组件\新李逵捕鱼\李逵劈鱼\游戏服务器\vc120.pdb
f:\ry\游戏组件\新李逵捕鱼\李逵劈鱼\游戏服务器\stdafx.obj
f:\ry\游戏组件\新李逵捕鱼\李逵劈鱼\游戏服务器\tableframesink.obj
f:\ry\游戏组件\新李逵捕鱼\李逵劈鱼\游戏服务器\gameservicemanager.obj
f:\ry\游戏组件\新李逵捕鱼\李逵劈鱼\游戏服务器\gameserver.obj
f:\ry\游戏组件\新李逵捕鱼\李逵劈鱼\游戏服务器\androiduseritemsink.obj
f:\ry\游戏组件\新李逵捕鱼\李逵劈鱼\游戏服务器\tinyxmlparser.obj
f:\ry\游戏组件\新李逵捕鱼\李逵劈鱼\游戏服务器\tinyxmlerror.obj
f:\ry\游戏组件\新李逵捕鱼\李逵劈鱼\游戏服务器\tinyxml.obj
f:\ry\游戏组件\新李逵捕鱼\李逵劈鱼\游戏服务器\tinystr.obj
f:\ry\运行\release_unicode\gamemodule\xlkpy_server.dll
f:\ry\运行\release_unicode\gamemodule\xlkpy_server.pdb
f:\ry\游戏组件\新李逵捕鱼\李逵劈鱼\游戏服务器\gameserver.res
f:\ry\游戏组件\新李逵捕鱼\李逵劈鱼\游戏服务器\release_unicode\gameserver.lib
f:\ry\游戏组件\新李逵捕鱼\李逵劈鱼\游戏服务器\release_unicode\gameserver.exp
f:\ry\游戏组件\新李逵捕鱼\李逵劈鱼\游戏服务器\游戏服务器.tlog\cl.command.1.tlog
f:\ry\游戏组件\新李逵捕鱼\李逵劈鱼\游戏服务器\游戏服务器.tlog\cl.read.1.tlog
f:\ry\游戏组件\新李逵捕鱼\李逵劈鱼\游戏服务器\游戏服务器.tlog\cl.write.1.tlog
f:\ry\游戏组件\新李逵捕鱼\李逵劈鱼\游戏服务器\游戏服务器.tlog\link.command.1.tlog
f:\ry\游戏组件\新李逵捕鱼\李逵劈鱼\游戏服务器\游戏服务器.tlog\link.read.1.tlog
f:\ry\游戏组件\新李逵捕鱼\李逵劈鱼\游戏服务器\游戏服务器.tlog\link.write.1.tlog
f:\ry\游戏组件\新李逵捕鱼\李逵劈鱼\游戏服务器\游戏服务器.tlog\rc.command.1.tlog
f:\ry\游戏组件\新李逵捕鱼\李逵劈鱼\游戏服务器\游戏服务器.tlog\rc.read.1.tlog
f:\ry\游戏组件\新李逵捕鱼\李逵劈鱼\游戏服务器\游戏服务器.tlog\rc.write.1.tlog
f:\ry\游戏组件\新李逵捕鱼\李逵劈鱼\游戏服务器\游戏服务器.tlog\游戏服务器.write.1u.tlog
f:\ry\游戏组件\新李逵捕鱼\李逵劈鱼\游戏服务器\../../../../运行/release_unicode/gamemodule/xlkpy_server.dll
